0 info it worked if it ends with ok
1 verbose cli [ '/home/cabox/.nvm/versions/io.js/v1.5.1/bin/iojs',
1 verbose cli   '/home/cabox/.nvm/versions/io.js/v1.5.1/bin/npm',
1 verbose cli   'start' ]
2 info using npm@2.7.0
3 info using node@v1.5.1
4 verbose stack Error: ENOENT: no such file or directory, open '/home/cabox/workspace/package.json'
4 verbose stack     at Error (native)
5 verbose cwd /home/cabox/workspace
6 error Linux 2.6.32-042stab112.15
7 error argv "/home/cabox/.nvm/versions/io.js/v1.5.1/bin/iojs" "/home/cabox/.nvm/versions/io.js/v1.5.1/bin/npm" "start"
8 error node v1.5.1
9 error npm  v2.7.0
10 error path /home/cabox/workspace/package.json
11 error code ENOENT
12 error errno -2
13 error syscall open
14 error enoent ENOENT: no such file or directory, open '/home/cabox/workspace/package.json'
14 error enoent This is most likely not a problem with npm itself
14 error enoent and is related to npm not being able to find a file.
15 verbose exit [ -2, true ]
